[main] INFO  dbconnection.DbConnection  - connected to DATABASE..
[main] INFO  register.RegisterEmployee  - Registration of Employee SANDEEP done
[main] INFO  dbconnection.DbConnection  - connected to DATABASE..
[main] INFO  register.RegisterEmployee  - Registration of Employee PRABHANJAN done
[main] INFO  dbconnection.DbConnection  - connected to DATABASE..
[main] INFO  register.RegisterEmployee  - Registration of Employee SRIKALA done
[main] INFO  dbconnection.DbConnection  - connected to DATABASE..
[main] INFO  register.RegisterEmployee  - Registration of Employee ARUNA done
[main] INFO  dbconnection.DbConnection  - connected to DATABASE..
[main] INFO  register.RegisterEmployee  - Registration of Employee DURGA done
[main] INFO  dbconnection.DbConnection  - connected to DATABASE..
[main] INFO  register.RegisterEmployee  - Registration of Employee ABHISHEK done
[main] INFO  dbconnection.DbConnection  - connected to DATABASE..
[main] INFO  register.RegisterEmployee  - Update of Employee SANDY done
[main] INFO  dbconnection.DbConnection  - connected to DATABASE..
[main] INFO  register.RegisterEmployee  - Update of Employee PRABHANJAN done
[main] INFO  dbconnection.DbConnection  - connected to DATABASE..
[main] INFO  register.RegisterEmployee  - Update of Employee SRIKAL done
[main] INFO  dbconnection.DbConnection  - connected to DATABASE..
[main] INFO  register.RegisterEmployee  - Registration of Employee SANDEEP done
[main] INFO  dbconnection.DbConnection  - connected to DATABASE..
[main] INFO  register.RegisterEmployee  - Registration of Employee PRABHANJAN done
[main] INFO  dbconnection.DbConnection  - connected to DATABASE..
[main] INFO  register.RegisterEmployee  - Registration of Employee SRIKALA done
[main] INFO  dbconnection.DbConnection  - connected to DATABASE..
[main] INFO  register.RegisterEmployee  - Registration of Employee ARUNA done
[main] INFO  dbconnection.DbConnection  - connected to DATABASE..
[main] INFO  register.RegisterEmployee  - Registration of Employee DURGA done
[main] INFO  dbconnection.DbConnection  - connected to DATABASE..
[main] INFO  register.RegisterEmployee  - Registration of Employee ABHISHEK done
[main] INFO  dbconnection.DbConnection  - connected to DATABASE..
[main] INFO  dbconnection.DbConnection  - connected to DATABASE..
[main] INFO  dbconnection.DbConnection  - connected to DATABASE..
[main] INFO  dbconnection.DbConnection  - connected to DATABASE..
[main] INFO  register.UpdateEmployee  - Update of Employee SANDY done
[main] INFO  dbconnection.DbConnection  - connected to DATABASE..
[main] INFO  register.UpdateEmployee  - Update of Employee PRABHANJAN done
[main] INFO  dbconnection.DbConnection  - connected to DATABASE..
[main] INFO  register.UpdateEmployee  - Update of Employee SRIKAL done
[main] INFO  dbconnection.DbConnection  - connected to DATABASE..
[main] INFO  register.RegisterEmployee  - Registration of Employee SANDEEP done
[main] INFO  dbconnection.DbConnection  - connected to DATABASE..
[main] INFO  register.RegisterEmployee  - Registration of Employee PRABHANJAN done
[main] INFO  dbconnection.DbConnection  - connected to DATABASE..
[main] INFO  register.RegisterEmployee  - Registration of Employee SRIKALA done
[main] INFO  dbconnection.DbConnection  - connected to DATABASE..
[main] INFO  register.RegisterEmployee  - Registration of Employee ARUNA done
[main] INFO  dbconnection.DbConnection  - connected to DATABASE..
[main] INFO  register.RegisterEmployee  - Registration of Employee DURGA done
[main] INFO  dbconnection.DbConnection  - connected to DATABASE..
[main] INFO  register.RegisterEmployee  - Registration of Employee ABHISHEK done
[main] INFO  dbconnection.DbConnection  - connected to DATABASE..
[main] INFO  register.UpdateEmployee  - Update of Employee SANDY done
[main] INFO  dbconnection.DbConnection  - connected to DATABASE..
[main] INFO  register.UpdateEmployee  - Update of Employee PRABHANJAN done
[main] INFO  dbconnection.DbConnection  - connected to DATABASE..
[main] INFO  register.UpdateEmployee  - Update of Employee SRIKAL done
[main] INFO  dbconnection.DbConnection  - connected to DATABASE..
[main] INFO  register.RegisterEmployee  - Registration of Employee SANDEEP done
[main] INFO  dbconnection.DbConnection  - connected to DATABASE..
[main] INFO  register.RegisterEmployee  - Registration of Employee PRABHANJAN done
[main] INFO  dbconnection.DbConnection  - connected to DATABASE..
[main] INFO  register.RegisterEmployee  - Registration of Employee SRIKALA done
[main] INFO  dbconnection.DbConnection  - connected to DATABASE..
[main] INFO  register.RegisterEmployee  - Registration of Employee ARUNA done
[main] INFO  dbconnection.DbConnection  - connected to DATABASE..
[main] INFO  register.RegisterEmployee  - Registration of Employee DURGA done
[main] INFO  dbconnection.DbConnection  - connected to DATABASE..
[main] INFO  register.RegisterEmployee  - Registration of Employee ABHISHEK done
[main] INFO  dbconnection.DbConnection  - connected to DATABASE..
[main] INFO  register.UpdateEmployee  - Update of Employee SANDY done
[main] INFO  dbconnection.DbConnection  - connected to DATABASE..
[main] INFO  register.UpdateEmployee  - Update of Employee PRABHANJAN done
[main] INFO  dbconnection.DbConnection  - connected to DATABASE..
[main] INFO  register.UpdateEmployee  - Update of Employee SRIKAL done
[main] INFO  dbconnection.DbConnection  - connected to DATABASE..
[main] INFO  register.RegisterEmployee  - Registration of Employee SANDEEP done
[main] INFO  dbconnection.DbConnection  - connected to DATABASE..
[main] INFO  register.RegisterEmployee  - Registration of Employee PRABHANJAN done
[main] INFO  dbconnection.DbConnection  - connected to DATABASE..
[main] INFO  register.RegisterEmployee  - Registration of Employee SRIKALA done
[main] INFO  dbconnection.DbConnection  - connected to DATABASE..
[main] INFO  register.RegisterEmployee  - Registration of Employee ARUNA done
[main] INFO  dbconnection.DbConnection  - connected to DATABASE..
[main] INFO  register.RegisterEmployee  - Registration of Employee DURGA done
[main] INFO  dbconnection.DbConnection  - connected to DATABASE..
[main] INFO  register.RegisterEmployee  - Registration of Employee ABHISHEK done
[main] INFO  dbconnection.DbConnection  - connected to DATABASE..
[main] INFO  register.UpdateEmployee  - Update of Employee SANDY done
[main] INFO  dbconnection.DbConnection  - connected to DATABASE..
[main] INFO  register.UpdateEmployee  - Update of Employee PRABHANJAN done
[main] INFO  dbconnection.DbConnection  - connected to DATABASE..
[main] INFO  register.UpdateEmployee  - Update of Employee SRIKAL done
[main] INFO  dbconnection.DbConnection  - connected to DATABASE..
[main] INFO  dbconnection.DbConnection  - connected to DATABASE..
[main] INFO  dbconnection.DbConnection  - connected to DATABASE..
[main] INFO  dbconnection.DbConnection  - connected to DATABASE..
[main] INFO  dbconnection.DbConnection  - connected to DATABASE..
[main] INFO  dbconnection.DbConnection  - connected to DATABASE..
[main] INFO  dbconnection.DbConnection  - connected to DATABASE..
[main] INFO  dbconnection.DbConnection  - connected to DATABASE..
[main] INFO  dbconnection.DbConnection  - connected to DATABASE..
[main] INFO  dbconnection.DbConnection  - connected to DATABASE..
[main] INFO  dbconnection.DbConnection  - connected to DATABASE..
[main] INFO  dbconnection.DbConnection  - connected to DATABASE..
[main] INFO  dbconnection.DbConnection  - connected to DATABASE..
[main] INFO  dbconnection.DbConnection  - connected to DATABASE..
[main] INFO  dbconnection.DbConnection  - connected to DATABASE..
[main] INFO  dbconnection.DbConnection  - connected to DATABASE..
[main] INFO  dbconnection.DbConnection  - connected to DATABASE..
[main] INFO  dbconnection.DbConnection  - connected to DATABASE..
[main] INFO  dbconnection.DbConnection  - connected to DATABASE..
[main] INFO  dbconnection.DbConnection  - connected to DATABASE..
[main] INFO  dbconnection.DbConnection  - connected to DATABASE..
[main] INFO  dbconnection.DbConnection  - connected to DATABASE..
[main] INFO  dbconnection.DbConnection  - connected to DATABASE..
[main] INFO  dbconnection.DbConnection  - connected to DATABASE..
[main] INFO  dbconnection.DbConnection  - connected to DATABASE..
[main] INFO  dbconnection.DbConnection  - connected to DATABASE..
[main] INFO  dbconnection.DbConnection  - connected to DATABASE..
[main] INFO  dbconnection.DbConnection  - connected to DATABASE..
[main] INFO  dbconnection.DbConnection  - connected to DATABASE..
[main] INFO  dbconnection.DbConnection  - connected to DATABASE..
[main] INFO  dbconnection.DbConnection  - connected to DATABASE..
[main] INFO  dbconnection.DbConnection  - connected to DATABASE..
[main] INFO  dbconnection.DbConnection  - connected to DATABASE..
[main] INFO  dbconnection.DbConnection  - connected to DATABASE..
[main] INFO  dbconnection.DbConnection  - connected to DATABASE..
[main] INFO  dbconnection.DbConnection  - connected to DATABASE..
[main] INFO  dbconnection.DbConnection  - connected to DATABASE..
[main] INFO  register.DeleteEmpdata  - Deletion of Employee 2.0 done
[main] INFO  dbconnection.DbConnection  - connected to DATABASE..
[main] INFO  register.DeleteEmpdata  - Deletion of Employee 3.0 done
[main] INFO  dbconnection.DbConnection  - connected to DATABASE..
[main] INFO  register.DeleteEmpdata  - Deletion of Employee 4.0 done
[main] INFO  dbconnection.DbConnection  - connected to DATABASE..
[main] INFO  register.DeleteEmpdata  - Deletion of Employee 5.0 done
[main] INFO  dbconnection.DbConnection  - connected to DATABASE..
[main] INFO  register.DeleteEmpdata  - Deletion of Employee 2.0 done
[main] INFO  dbconnection.DbConnection  - connected to DATABASE..
[main] INFO  register.DeleteEmpdata  - Deletion of Employee 3.0 done
[main] INFO  dbconnection.DbConnection  - connected to DATABASE..
[main] INFO  register.DeleteEmpdata  - Deletion of Employee 4.0 done
[main] INFO  dbconnection.DbConnection  - connected to DATABASE..
[main] INFO  register.DeleteEmpdata  - Deletion of Employee 5.0 done
[main] INFO  dbconnection.DbConnection  - connected to DATABASE..
[main] INFO  register.DeleteEmpdata  - Employee with id 2.0 not found
[main] INFO  dbconnection.DbConnection  - connected to DATABASE..
[main] INFO  register.DeleteEmpdata  - Employee with id 3.0 not found
[main] INFO  dbconnection.DbConnection  - connected to DATABASE..
[main] INFO  register.DeleteEmpdata  - Employee with id 4.0 not found
[main] INFO  dbconnection.DbConnection  - connected to DATABASE..
[main] INFO  register.DeleteEmpdata  - Employee with id 5.0 not found
[main] INFO  dbconnection.DbConnection  - connected to DATABASE..
[main] INFO  register.RegisterEmployee  - Registration of Employee SANDEEP done
[main] INFO  dbconnection.DbConnection  - connected to DATABASE..
[main] INFO  register.RegisterEmployee  - Registration of Employee PRABHANJAN done
[main] INFO  dbconnection.DbConnection  - connected to DATABASE..
[main] INFO  register.RegisterEmployee  - Registration of Employee SRIKALA done
[main] INFO  dbconnection.DbConnection  - connected to DATABASE..
[main] INFO  register.RegisterEmployee  - Registration of Employee ARUNA done
[main] INFO  dbconnection.DbConnection  - connected to DATABASE..
[main] INFO  register.RegisterEmployee  - Registration of Employee DURGA done
[main] INFO  dbconnection.DbConnection  - connected to DATABASE..
[main] INFO  register.RegisterEmployee  - Registration of Employee ABHISHEK done
[main] INFO  dbconnection.DbConnection  - connected to DATABASE..
[main] INFO  register.UpdateEmployee  - Update of Employee SANDY done
[main] INFO  dbconnection.DbConnection  - connected to DATABASE..
[main] INFO  register.UpdateEmployee  - Update of Employee PRABHANJAN done
[main] INFO  dbconnection.DbConnection  - connected to DATABASE..
[main] INFO  register.UpdateEmployee  - Update of Employee SRIKAL done
[main] INFO  dbconnection.DbConnection  - connected to DATABASE..
[main] INFO  register.DeleteEmpdata  - Deletion of Employee 2.0 done
[main] INFO  dbconnection.DbConnection  - connected to DATABASE..
[main] INFO  register.DeleteEmpdata  - Deletion of Employee 3.0 done
[main] INFO  dbconnection.DbConnection  - connected to DATABASE..
[main] INFO  register.DeleteEmpdata  - Deletion of Employee 4.0 done
[main] INFO  dbconnection.DbConnection  - connected to DATABASE..
[main] INFO  register.DeleteEmpdata  - Deletion of Employee 5.0 done
[main] INFO  dbconnection.DbConnection  - connected to DATABASE..
[main] INFO  register.RegisterEmployee  - Registration of Employee SANDEEP done
[main] INFO  dbconnection.DbConnection  - connected to DATABASE..
[main] INFO  register.RegisterEmployee  - Registration of Employee PRABHANJAN done
[main] INFO  dbconnection.DbConnection  - connected to DATABASE..
[main] INFO  register.RegisterEmployee  - Registration of Employee SRIKALA done
[main] INFO  dbconnection.DbConnection  - connected to DATABASE..
[main] INFO  register.RegisterEmployee  - Registration of Employee ARUNA done
[main] INFO  dbconnection.DbConnection  - connected to DATABASE..
[main] INFO  register.RegisterEmployee  - Registration of Employee DURGA done
[main] INFO  dbconnection.DbConnection  - connected to DATABASE..
[main] INFO  register.RegisterEmployee  - Registration of Employee ABHISHEK done
[main] INFO  dbconnection.DbConnection  - connected to DATABASE..
[main] INFO  register.UpdateEmployee  - Update of Employee SANDY done
[main] INFO  dbconnection.DbConnection  - connected to DATABASE..
[main] INFO  register.UpdateEmployee  - Update of Employee PRABHANJAN done
[main] INFO  dbconnection.DbConnection  - connected to DATABASE..
[main] INFO  register.UpdateEmployee  - Update of Employee SRIKAL done
[main] INFO  dbconnection.DbConnection  - connected to DATABASE..
[main] INFO  register.DeleteEmpdata  - Deletion of Employee 2.0 done
[main] INFO  dbconnection.DbConnection  - connected to DATABASE..
[main] INFO  register.DeleteEmpdata  - Deletion of Employee 3.0 done
[main] INFO  dbconnection.DbConnection  - connected to DATABASE..
[main] INFO  register.DeleteEmpdata  - Deletion of Employee 4.0 done
[main] INFO  dbconnection.DbConnection  - connected to DATABASE..
[main] INFO  register.DeleteEmpdata  - Deletion of Employee 5.0 done
[main] INFO  dbconnection.DbConnection  - connected to DATABASE..
[main] INFO  dbconnection.DbConnection  - connected to DATABASE..
[main] INFO  register.RegisterEmployee  - Registration of Employee FSS done
