[main] INFO  com.epam.utilities.AllureReportListener  - Starting TestCaseDefault test
[main] INFO  com.epam.utilities.AllureReportListener  - Starting TestCasefeature
[main] INFO  com.epam.utilities.AllureReportListener  - Starting TestCaseDefault test
[main] INFO  com.epam.utilities.AllureReportListener  - Starting TestCasefeature
[main] INFO  com.epam.utilities.AllureReportListener  - Starting TestCaseDefault test
[main] INFO  com.epam.utilities.AllureReportListener  - Starting TestCasefeature
[main] INFO  com.epam.utilities.AllureReportListener  - Starting TestCaseDefault test
[main] INFO  com.epam.utilities.AllureReportListener  - Starting TestCasefeature
[main] INFO  com.epam.utilities.AllureReportListener  - Starting TestCaseDefault test
[main] INFO  com.epam.utilities.AllureReportListener  - Starting TestCasefeature
[main] INFO  com.epam.utilities.AllureReportListener  - Starting TestCaseDefault test
[main] INFO  com.epam.utilities.AllureReportListener  - Starting TestCasefeature
[main] INFO  com.epam.utilities.AllureReportListener  - Starting TestCaseDefault test
[main] INFO  com.epam.utilities.AllureReportListener  - Starting TestCasefeature
[main] INFO  com.epam.utilities.AllureReportListener  - Starting TestCaseDefault test
[main] INFO  com.epam.utilities.AllureReportListener  - Starting TestCasefeature
[main] INFO  com.epam.utilities.AllureReportListener  - Starting TestCaseDefault test
[main] INFO  com.epam.utilities.AllureReportListener  - Starting TestCasefeature
[main] INFO  com.epam.utilities.AllureReportListener  - Starting TestCaseDefault test
[main] INFO  com.epam.utilities.AllureReportListener  - Starting TestCasefeature
[main] INFO  com.epam.utilities.AllureReportListener  - Starting TestCaseDefault test
[main] INFO  com.epam.utilities.AllureReportListener  - Starting TestCasefeature
[main] INFO  com.epam.utilities.AllureReportListener  - Starting TestCaseDefault test
[main] INFO  com.epam.utilities.AllureReportListener  - Starting TestCasefeature
[main] INFO  com.epam.utilities.AllureReportListener  - Starting TestCaseDefault test
[main] INFO  com.epam.utilities.AllureReportListener  - Starting TestCasefeature
[main] INFO  com.epam.makemytriptestcasespagess.BaseClass  - Flights filter Page
[main] INFO  com.epam.utilities.AllureReportListener  - Starting TestCaseDefault test
[main] INFO  com.epam.utilities.AllureReportListener  - Starting TestCasefeature
[main] INFO  com.epam.makemytriptestcasespagess.BaseClass  - Flights filter Page
[main] INFO  com.epam.utilities.AllureReportListener  - Starting TestCaseDefault test
[main] INFO  com.epam.utilities.AllureReportListener  - Starting TestCasefeature
[main] INFO  com.epam.makemytriptestcasespagess.BaseClass  - Flights filter Page
[main] INFO  com.epam.utilities.AllureReportListener  - Starting TestCaseDefault test
[main] INFO  com.epam.utilities.AllureReportListener  - Starting TestCasefeature
[main] INFO  com.epam.makemytriptestcasespagess.BaseClass  - flight Search Operatons
[main] INFO  com.epam.utilities.AllureReportListener  - Starting TestCaseDefault test
[main] INFO  com.epam.utilities.AllureReportListener  - Starting TestCasefeature
[main] INFO  com.epam.makemytriptestcasespagess.BaseClass  - flight Search Operatons
[main] INFO  com.epam.utilities.AllureReportListener  - Starting TestCaseDefault test
[main] INFO  com.epam.utilities.AllureReportListener  - Starting TestCasefeature
[main] INFO  com.epam.utilities.AllureReportListener  - Starting TestCaseDefault test
[main] INFO  com.epam.utilities.AllureReportListener  - Starting TestCasefeature
[main] INFO  com.epam.makemytriptestcasespagess.BaseClass  - Starting TestCaseDefault test
[main] INFO  com.epam.makemytriptestcasespagess.BaseClass  - Starting TestCasefeature
[main] INFO  com.epam.makemytriptestcasespagess.BaseClass  - Starting TestCaseDefault test
[main] INFO  com.epam.makemytriptestcasespagess.BaseClass  - Starting TestCasefeature
[main] INFO  com.epam.makemytriptestcasespagess.BaseClass  - Starting TestCaseDefault test
[main] INFO  com.epam.makemytriptestcasespagess.BaseClass  - Starting TestCasefeature
[main] INFO  com.epam.utilities.AllureReportListener  - Starting TestCaseDefault test
[main] INFO  com.epam.utilities.AllureReportListener  - Starting TestCasefeature
[main] INFO  com.epam.utilities.AllureReportListener  - Starting TestCaseDefault test
[main] INFO  com.epam.utilities.AllureReportListener  - Starting TestCasefeature
[main] INFO  com.epam.utilities.AllureReportListener  - Starting TestCaseDefault test
[main] INFO  com.epam.utilities.AllureReportListener  - Starting TestCasefeature
[main] INFO  com.epam.utilities.AllureReportListener  - Starting TestCaseDefault test
[main] INFO  com.epam.utilities.AllureReportListener  - Starting TestCasefeature
[main] INFO  com.epam.utilities.AllureReportListener  - Starting TestCaseDefault test
[main] INFO  com.epam.utilities.AllureReportListener  - Starting TestCasefeature
[main] INFO  com.epam.utilities.AllureReportListener  - Starting TestCaseDefault test
[main] INFO  com.epam.utilities.AllureReportListener  - Starting TestCasefeature
[main] INFO  com.epam.utilities.AllureReportListener  - Starting TestCaseDefault test
[main] INFO  com.epam.utilities.AllureReportListener  - Starting TestCasefeature
[main] INFO  com.epam.utilities.AllureReportListener  - Starting TestCaseDefault test
[main] INFO  com.epam.utilities.AllureReportListener  - Starting TestCasefeature
[main] INFO  com.epam.utilities.AllureReportListener  - Starting TestCaseDefault test
[main] INFO  com.epam.utilities.AllureReportListener  - Starting TestCasefeature
[main] INFO  com.epam.utilities.AllureReportListener  - Starting TestCaseDefault test
[main] INFO  com.epam.utilities.AllureReportListener  - Starting TestCasefeature
[main] INFO  com.epam.makemytriptestcasespagess.BaseClass  - flightsearch
[main] INFO  com.epam.utilities.AllureReportListener  - Starting TestCaseDefault test
[main] INFO  com.epam.utilities.AllureReportListener  - Starting TestCasefeature
[main] INFO  com.epam.utilities.AllureReportListener  - Starting TestCaseDefault test
[main] INFO  com.epam.utilities.AllureReportListener  - Starting TestCasefeature
[main] INFO  com.epam.utilities.AllureReportListener  - Starting TestCaseDefault test
[main] INFO  com.epam.utilities.AllureReportListener  - Starting TestCasefeature
[main] INFO  com.epam.utilities.AllureReportListener  - Starting TestCaseDefault test
[main] INFO  com.epam.utilities.AllureReportListener  - Starting TestCasefeature
