[main] INFO  com.epam.utilities.AllureReportListener  - Starting TestCaseDefault test
[main] INFO  com.epam.utilities.AllureReportListener  - Starting TestCasefeature
[main] INFO  com.epam.makemytriptestcasespagess.BaseClass  - ---https://www.makemytrip.com
[main] INFO  com.epam.makemytriptestcasespagess.BaseClass  - no frame proceed
[main] INFO  com.epam.makemytriptestcasespagess.BaseClass  - December 2019
[main] INFO  com.epam.makemytriptestcasespagess.BaseClass  - December 2019mine
[main] INFO  com.epam.makemytriptestcasespagess.BaseClass  - January 2020mine
[main] INFO  com.epam.makemytriptestcasespagess.BaseClass  - February 2020mine
[main] INFO  com.epam.makemytriptestcasespagess.BaseClass  - Economy
[main] INFO  com.epam.makemytriptestcasespagess.BaseClass  - Premium Economy
[main] INFO  com.epam.makemytriptestcasespagess.BaseClass  - Business
[main] INFO  com.epam.makemytriptestcasespagess.BaseClass  - [13278.0, 18523.0, 18523.0, 18523.0, 18523.0, 21846.0]
[main] INFO  com.epam.makemytriptestcasespagess.BaseClass  - 2
[main] INFO  com.epam.makemytriptestcasespagess.BaseClass  - parent 1
[main] INFO  com.epam.makemytriptestcasespagess.BaseClass  - 05:15
[main] INFO  com.epam.makemytriptestcasespagess.BaseClass  - clicks continue
[main] INFO  com.epam.utilities.AllureReportListener  - Testpass method
[main] INFO  com.epam.utilities.AllureReportListener  - ScreenShot Captured For Success TestCasefeature
[main] INFO  com.epam.makemytriptestcasespagess.BaseClass  - entered into screen
[main] WARN  com.epam.utilities.Helper  - Unable to take Screenshot
java.io.FileNotFoundException: C:\Users\Sandeep_Neela\eclipse-workspace\PractiseBddtarget\ScreenShots\Testmakemytrip12_27_2019_18_19_41.png (The system cannot find the path specified)
	at java.io.FileOutputStream.open0(Native Method)
	at java.io.FileOutputStream.open(FileOutputStream.java:270)
	at java.io.FileOutputStream.<init>(FileOutputStream.java:213)
	at java.io.FileOutputStream.<init>(FileOutputStream.java:162)
	at org.openqa.selenium.io.FileHandler.copyFile(FileHandler.java:138)
	at org.openqa.selenium.io.FileHandler.copy(FileHandler.java:117)
	at com.epam.utilities.Helper.screenShots(Helper.java:27)
	at com.epam.makemytriptestcasespagess.BaseClass.screenShotOnFailure(BaseClass.java:119)
	at sun.reflect.NativeMethodAccessorImpl.invoke0(Native Method)
	at sun.reflect.NativeMethodAccessorImpl.invoke(NativeMethodAccessorImpl.java:62)
	at sun.reflect.DelegatingMethodAccessorImpl.invoke(DelegatingMethodAccessorImpl.java:43)
	at java.lang.reflect.Method.invoke(Method.java:498)
	at org.testng.internal.MethodInvocationHelper.invokeMethod(MethodInvocationHelper.java:133)
	at org.testng.internal.MethodInvocationHelper.invokeMethodConsideringTimeout(MethodInvocationHelper.java:62)
	at org.testng.internal.ConfigInvoker.invokeConfigurationMethod(ConfigInvoker.java:340)
	at org.testng.internal.ConfigInvoker.invokeConfigurations(ConfigInvoker.java:294)
	at org.testng.internal.TestInvoker.runConfigMethods(TestInvoker.java:683)
	at org.testng.internal.TestInvoker.runAfterGroupsConfigurations(TestInvoker.java:658)
	at org.testng.internal.TestInvoker.invokeMethod(TestInvoker.java:642)
	at org.testng.internal.TestInvoker.invokeTestMethod(TestInvoker.java:172)
	at org.testng.internal.MethodRunner.runInSequence(MethodRunner.java:46)
	at org.testng.internal.TestInvoker$MethodInvocationAgent.invoke(TestInvoker.java:804)
	at org.testng.internal.TestInvoker.invokeTestMethods(TestInvoker.java:145)
	at org.testng.internal.TestMethodWorker.invokeTestMethods(TestMethodWorker.java:146)
	at org.testng.internal.TestMethodWorker.run(TestMethodWorker.java:128)
	at java.util.ArrayList.forEach(ArrayList.java:1257)
	at org.testng.TestRunner.privateRun(TestRunner.java:770)
	at org.testng.TestRunner.run(TestRunner.java:591)
	at org.testng.SuiteRunner.runTest(SuiteRunner.java:402)
	at org.testng.SuiteRunner.runSequentially(SuiteRunner.java:396)
	at org.testng.SuiteRunner.privateRun(SuiteRunner.java:355)
	at org.testng.SuiteRunner.run(SuiteRunner.java:304)
	at org.testng.SuiteRunnerWorker.runSuite(SuiteRunnerWorker.java:53)
	at org.testng.SuiteRunnerWorker.run(SuiteRunnerWorker.java:96)
	at org.testng.TestNG.runSuitesSequentially(TestNG.java:1180)
	at org.testng.TestNG.runSuitesLocally(TestNG.java:1102)
	at org.testng.TestNG.runSuites(TestNG.java:1032)
	at org.testng.TestNG.run(TestNG.java:1000)
	at org.testng.remote.AbstractRemoteTestNG.run(AbstractRemoteTestNG.java:115)
	at org.testng.remote.RemoteTestNG.initAndRun(RemoteTestNG.java:251)
	at org.testng.remote.RemoteTestNG.main(RemoteTestNG.java:77)
[main] INFO  com.epam.utilities.AllureReportListener  - Finishing TestCaseDefault test
